<?xml version="1.0" encoding="UTF-8"?>
<!-- Generated by org.testng.reporters.JUnitXMLReporter -->
<testsuite hostname="win7-x64" name="Test" tests="5" failures="0" timestamp="4 Jul 2018 10:05:57 GMT" time="69.254" errors="0">
  <testcase name="loginPageTest" time="3.109" classname="OnlineBanking.LoginPageTestCase"/>
  <testcase name="loginPageTest" time="0.895" classname="OnlineBanking.LoginPageTestCase"/>
  <testcase name="getFooter" time="0.35" classname="OnlineBanking.PageFooterValidationTestCase"/>
  <testcase name="checkTextValidation" time="0.85" classname="OnlineBanking.TextValidationTestCase"/>
  <testcase name="basePageNavigation" time="3.779" classname="OnlineBanking.HomePageTestCase"/>
</testsuite> <!-- Test -->
