<?xml version="1.0" encoding="UTF-8"?>
<!-- Generated by org.testng.reporters.JUnitXMLReporter -->
<testsuite hostname="win7-x64" name="Test" tests="5" failures="0" timestamp="9 Jul 2018 13:12:56 GMT" time="54.763" errors="0">
  <testcase name="loginPageTest" time="3.03" classname="OnlineBanking.LoginPageTestCase"/>
  <testcase name="loginPageTest" time="0.647" classname="OnlineBanking.LoginPageTestCase"/>
  <testcase name="getFooter" time="0.077" classname="OnlineBanking.PageFooterValidationTestCase"/>
  <testcase name="checkTextValidation" time="0.06" classname="OnlineBanking.TextValidationTestCase"/>
  <testcase name="basePageNavigation" time="0.197" classname="OnlineBanking.HomePageTestCase"/>
</testsuite> <!-- Test -->
