<?xml version="1.0" encoding="UTF-8"?>
<testsuite xmlns:xsi="http://www.w3.org/2001/XMLSchema-instance" xsi:noNamespaceSchemaLocation="https://maven.apache.org/surefire/maven-surefire-plugin/xsd/surefire-test-report.xsd" name="TestSuite" time="60.275" tests="5" errors="0" skipped="0" failures="1">
  <properties>
[...]
</properties>
  <testcase name="loginPage" classname="OnlineBanking.LoginPageTestCase" time="3.707"/>
  <testcase name="loginPage" classname="OnlineBanking.LoginPageTestCase" time="0.637"/>
  <testcase name="getFooter" classname="OnlineBanking.PageFooterValidationTestCase" time="1.598"/>
  <testcase name="checkTextValidation" classname="OnlineBanking.TextValidationTestCase" time="1.714">
    <failure message="expected [Cyclos 4 Dem] but found [Cyclos 4 Demo]" type="java.lang.AssertionError">java.lang.AssertionError: expected [Cyclos 4 Dem] but found [Cyclos 4 Demo]
	at OnlineBanking.TextValidationTestCase.checkTextValidation(TextValidationTestCase.java:35)
</failure>
    <system-err><![CDATA[Starting ChromeDriver 2.35.528161 (5b82f2d2aae0ca24b877009200ced9065a772e73) on port 3895
Only local connections are allowed.
Jul 11, 2018 5:01:56 AM org.openqa.selenium.remote.ProtocolHandshake createSession
INFO: Detected dialect: OSS
]]></system-err>
  </testcase>
  <testcase name="basePageNavigation" classname="OnlineBanking.HomePageTestCase" time="3.143"/>
</testsuite>